{"numFailedTestSuites":1,"numFailedTests":0,"numPassedTestSuites":0,"numPassedTests":0,"numPendingTestSuites":0,"numPendingTests":0,"numRuntimeErrorTestSuites":1,"numTodoTests":0,"numTotalTestSuites":1,"numTotalTests":0,"openHandles":[],"snapshot":{"added":0,"didUpdate":false,"failure":false,"filesAdded":0,"filesRemoved":0,"filesRemovedList":[],"filesUnmatched":0,"filesUpdated":0,"matched":0,"total":0,"unchecked":0,"uncheckedKeysByFile":[],"unmatched":0,"updated":0},"startTime":1783978976899,"success":false,"testResults":[{"assertionResults":[],"coverage":{},"endTime":1783978977537,"message":"  ● Test suite failed to run\n\n    TypeError: Cannot read properties of undefined (reading 'fileExists')\n\n      at ConfigSet._resolveTsConfig (node_modules/ts-jest/dist/legacy/config/config-set.js:516:97)\n      at ConfigSet._getAndResolveTsConfig (node_modules/ts-jest/dist/legacy/config/config-set.js:428:29)\n      at ConfigSet._setupConfigSet (node_modules/ts-jest/dist/legacy/config/config-set.js:322:36)\n      at new ConfigSet (node_modules/ts-jest/dist/legacy/config/config-set.js:205:14)\n      at TsJestTransformer._createConfigSet (node_modules/ts-jest/dist/legacy/ts-jest-transformer.js:119:16)\n      at TsJestTransformer._configsFor (node_modules/ts-jest/dist/legacy/ts-jest-transformer.js:98:34)\n      at TsJestTransformer.getCacheKey (node_modules/ts-jest/dist/legacy/ts-jest-transformer.js:252:30)\n      at ScriptTransformer._getCacheKey (node_modules/@jest/transform/build/index.js:188:41)\n      at ScriptTransformer._getFileCachePath (node_modules/@jest/transform/build/index.js:224:27)\n      at ScriptTransformer.transformSource (node_modules/@jest/transform/build/index.js:395:32)\n      at ScriptTransformer._transformAndBuildScript (node_modules/@jest/transform/build/index.js:512:40)\n      at ScriptTransformer.transform (node_modules/@jest/transform/build/index.js:551:19)\n","name":"C:\\Users\\alain\\Desktop\\MedioLike test\\backend\\src\\application\\services\\role.service.spec.ts","startTime":1783978977537,"status":"failed","summary":""}],"wasInterrupted":false}
